<?xml version="1.0" encoding="UTF-8"?>
<testng-results skipped="0" failed="1" ignored="0" total="2" passed="1">
  <reporter-output>
  </reporter-output>
  <suite name="Default suite" duration-ms="16421" started-at="2023-03-14T18:45:17Z" finished-at="2023-03-14T18:45:34Z">
    <groups>
      <group name="cucumber">
        <method signature="AbstractTestNGCucumberTests.runScenario(io.cucumber.testng.PickleWrapper, io.cucumber.testng.FeatureWrapper)[pri:0, instance:runner.TestRunner@222114ba]" name="runScenario" class="io.cucumber.testng.AbstractTestNGCucumberTests"/>
      </group> <!-- cucumber -->
    </groups>
    <test name="Default test" duration-ms="16421" started-at="2023-03-14T18:45:17Z" finished-at="2023-03-14T18:45:34Z">
      <class name="runner.TestRunner">
        <test-method status="PASS" signature="setUpClass(org.testng.ITestContext)[pri:0, instance:runner.TestRunner@222114ba]" name="setUpClass" is-config="true" duration-ms="569" started-at="2023-03-14T18:45:17Z" finished-at="2023-03-14T18:45:18Z">
          <params>
            <param index="0">
              <value>
                <![CDATA[org.testng.TestRunner@b30a50d]]>
              </value>
            </param>
          </params>
          <reporter-output>
          </reporter-output>
        </test-method> <!-- setUpClass -->
        <test-method status="PASS" signature="runScenario(io.cucumber.testng.PickleWrapper, io.cucumber.testng.FeatureWrapper)[pri:0, instance:runner.TestRunner@222114ba]" name="runScenario" duration-ms="9003" started-at="2023-03-14T18:45:18Z" description="Runs Cucumber Scenarios" data-provider="scenarios" finished-at="2023-03-14T18:45:27Z">
          <params>
            <param index="0">
              <value>
                <![CDATA["Validate User Registration"]]>
              </value>
            </param>
            <param index="1">
              <value>
                <![CDATA["Medicare UI Validation"]]>
              </value>
            </param>
          </params>
          <reporter-output>
          </reporter-output>
        </test-method> <!-- runScenario -->
        <test-method status="FAIL" signature="runScenario(io.cucumber.testng.PickleWrapper, io.cucumber.testng.FeatureWrapper)[pri:0, instance:runner.TestRunner@222114ba]" name="runScenario" duration-ms="5567" started-at="2023-03-14T18:45:27Z" description="Runs Cucumber Scenarios" data-provider="scenarios" finished-at="2023-03-14T18:45:32Z">
          <params>
            <param index="0">
              <value>
                <![CDATA["Validate Paracetamol Product Purchase"]]>
              </value>
            </param>
            <param index="1">
              <value>
                <![CDATA["Medicare UI Validation"]]>
              </value>
            </param>
          </params>
          <exception class="java.lang.AssertionError">
            <message>
              <![CDATA[expected [Your Order is onfirmed!!] but found [Your Order is Confirmed!!]]]>
            </message>
            <full-stacktrace>
              <![CDATA[java.lang.AssertionError: expected [Your Order is onfirmed!!] but found [Your Order is Confirmed!!]
at org.testng.Assert.fail(Assert.java:96)
at org.testng.Assert.failNotEquals(Assert.java:776)
at org.testng.Assert.assertEqualsImpl(Assert.java:137)
at org.testng.Assert.assertEquals(Assert.java:118)
at org.testng.Assert.assertEquals(Assert.java:453)
at org.testng.Assert.assertEquals(Assert.java:463)
at stepsDefs.PurchaseProduct.message_should_be_displayed(PurchaseProduct.java:68)
at âœ½."Your Order is onfirmed!!" message should be displayed(file:///C:/Users/admin/eclipse-workspace/CapstoneProject/src/test/java/features/medicare.feature:24)
]]>
            </full-stacktrace>
          </exception> <!-- java.lang.AssertionError -->
          <reporter-output>
          </reporter-output>
        </test-method> <!-- runScenario -->
        <test-method status="PASS" signature="tearDownClass()[pri:0, instance:runner.TestRunner@222114ba]" name="tearDownClass" is-config="true" duration-ms="1270" started-at="2023-03-14T18:45:32Z" finished-at="2023-03-14T18:45:34Z">
          <reporter-output>
          </reporter-output>
        </test-method> <!-- tearDownClass -->
      </class> <!-- runner.TestRunner -->
    </test> <!-- Default test -->
  </suite> <!-- Default suite -->
</testng-results>
